<?xml version="1.0" encoding="UTF-8"?>
<!-- Generated by org.testng.reporters.JUnitReportReporter -->
<testsuite hostname="harinijp" failures="0" tests="2" name="testCases.ProductTests" time="21.477" errors="0" timestamp="2025-09-08T08:15:35 IST" skipped="0">
  <testcase classname="testCases.ProductTests" name="addFirstProductToCartTest" time="10.371"/>
  <testcase classname="testCases.ProductTests" name="addNamedProductToCartTest" time="11.106"/>
</testsuite> <!-- testCases.ProductTests -->
