<?xml version="1.0" encoding="UTF-8"?>
<!-- Generated by org.testng.reporters.JUnitReportReporter -->
<testsuite hostname="harinijp" failures="0" tests="1" name="testCases.SignUpTests" time="31.443" errors="0" timestamp="2025-09-07T21:52:50 IST" skipped="1">
  <testcase classname="testCases.SignUpTests" name="validSignupTest" time="31.443">
    <skipped/>
  </testcase> <!-- validSignupTest -->
</testsuite> <!-- testCases.SignUpTests -->
