<?xml version="1.0" encoding="UTF-8"?>
<!-- Generated by org.testng.reporters.JUnitReportReporter -->
<testsuite hostname="harinijp" failures="0" tests="1" name="testCases.CheckoutTest" time="17.800" errors="0" timestamp="2025-09-08T08:42:34 IST" skipped="0">
  <testcase classname="testCases.CheckoutTest" name="checkoutShippingAndSubmitTest" time="17.800"/>
</testsuite> <!-- testCases.CheckoutTest -->
