<?xml version="1.0" encoding="UTF-8"?>
<!-- Generated by org.testng.reporters.JUnitReportReporter -->
<testsuite hostname="harinijp" failures="0" tests="3" name="testCases.CartTests" time="46.882" errors="0" timestamp="2025-09-08T08:38:37 IST" skipped="0">
  <testcase classname="testCases.CartTests" name="increaseQuantityAndVerifySubtotal" time="13.133"/>
  <testcase classname="testCases.CartTests" name="removeItemFromCartTest" time="19.112"/>
  <testcase classname="testCases.CartTests" name="addSecondItemToCartTest" time="14.637"/>
</testsuite> <!-- testCases.CartTests -->
