<?xml version="1.0" encoding="UTF-8"?>
<!-- Generated by org.testng.reporters.JUnitReportReporter -->
<testsuite hostname="harinijp" failures="0" tests="1" name="testCases.ConfirmationFlowTest" time="17.150" errors="0" timestamp="2025-09-08T09:15:08 IST" skipped="0">
  <testcase classname="testCases.ConfirmationFlowTest" name="fullCheckoutFlow_login_add_checkout_confirm_download_continue_checkNavs_logout" time="17.150"/>
</testsuite> <!-- testCases.ConfirmationFlowTest -->
