<?xml version="1.0" encoding="UTF-8"?>
<!-- Generated by org.testng.reporters.JUnitReportReporter -->
<testsuite hostname="DESKTOP-MM89ABI" failures="0" tests="1" name="runners.TestRunner" time="111.904" errors="0" timestamp="2025-09-08T17:22:09 IST" skipped="0">
  <testcase classname="runners.TestRunner" name="runScenario" time="111.904"/>
</testsuite> <!-- runners.TestRunner -->
