<?xml version="1.0" encoding="UTF-8"?>
<!-- Generated by org.testng.reporters.JUnitReportReporter -->
<testsuite hostname="harinijp" failures="0" tests="1" name="testCases.LoginTests" time="8.178" errors="0" timestamp="2025-09-08T02:04:47 IST" skipped="0">
  <testcase classname="testCases.LoginTests" name="validLoginTest" time="8.178"/>
</testsuite> <!-- testCases.LoginTests -->
