<?xml version="1.0" encoding="UTF-8"?>
<!-- Generated by org.testng.reporters.JUnitReportReporter -->
<testsuite hostname="harinijp" failures="0" tests="2" name="testCases.FilterTests" time="2.631" errors="0" timestamp="2025-09-08T02:19:42 IST" skipped="0">
  <testcase classname="testCases.FilterTests" name="testFilterAndSort" time="1.832"/>
  <testcase classname="testCases.FilterTests" name="testFilterAndSort" time="0.799"/>
</testsuite> <!-- testCases.FilterTests -->
